<?xml version="1.0" encoding="UTF-8" ?>
<testsuite tests="1" failures="0" name="com.alibaba.dubbo.monitor.simple.SimpleMonitorServiceTest" time="0.199" errors="0" skipped="0">
  <properties>
    <property name="java.runtime.name" value="Java(TM) SE Runtime Environment"/>
    <property name="sun.boot.library.path" value="E:\Java\jdk1.8.0_191\jre\bin"/>
    <property name="java.vm.version" value="25.191-b12"/>
    <property name="java.vm.vendor" value="Oracle Corporation"/>
    <property name="maven.multiModuleProjectDirectory" value="E:\实习项目\尚硅谷Dubbo视频\课件、资料\课件\software\incubator-dubbo-ops-master\dubbo-monitor-simple"/>
    <property name="java.vendor.url" value="http://java.oracle.com/"/>
    <property name="path.separator" value=";"/>
    <property name="guice.disable.misplaced.annotation.check" value="true"/>
    <property name="java.vm.name" value="Java HotSpot(TM) 64-Bit Server VM"/>
    <property name="file.encoding.pkg" value="sun.io"/>
    <property name="user.script" value=""/>
    <property name="user.country" value="CN"/>
    <property name="sun.java.launcher" value="SUN_STANDARD"/>
    <property name="sun.os.patch.level" value=""/>
    <property name="java.vm.specification.name" value="Java Virtual Machine Specification"/>
    <property name="user.dir" value="E:\实习项目\尚硅谷Dubbo视频\课件、资料\课件\software\incubator-dubbo-ops-master\dubbo-monitor-simple"/>
    <property name="java.runtime.version" value="1.8.0_191-b12"/>
    <property name="java.awt.graphicsenv" value="sun.awt.Win32GraphicsEnvironment"/>
    <property name="java.endorsed.dirs" value="E:\Java\jdk1.8.0_191\jre\lib\endorsed"/>
    <property name="os.arch" value="amd64"/>
    <property name="java.io.tmpdir" value="C:\Users\seldo\AppData\Local\Temp\"/>
    <property name="line.separator" value="
"/>
    <property name="java.vm.specification.vendor" value="Oracle Corporation"/>
    <property name="user.variant" value=""/>
    <property name="os.name" value="Windows 10"/>
    <property name="classworlds.conf" value="E:\Program Files\Maven\apache-maven-3.6.1\bin\..\bin\m2.conf"/>
    <property name="sun.jnu.encoding" value="GBK"/>
    <property name="java.library.path" value="E:\Java\jdk1.8.0_191\bin;C:\WINDOWS\Sun\Java\bin;C:\WINDOWS\system32;C:\WINDOWS;C:\WINDOWS;C:\WINDOWS\system32;C:\WINDOWS\System32;C:\WINDOWS\System32\Wbem;C:\WINDOWS\System32\WindowsPowerShell\v1.0\;C:\WINDOWS\System32\OpenSSH\;D:\Program Files (x86)\Lua\5.1;D:\Program Files (x86)\Lua\5.1\clibs;C:\Program Files\dotnet\;C:\Program Files\Microsoft SQL Server\130\Tools\Binn\;C:\Program Files\Microsoft SQL Server\Client SDK\ODBC\170\Tools\Binn\;D:\Program Files\nodejs\;&quot;D:\Program Files\apache-ant-1.10.8\bin;D:\Program Files\apache-ant-1.10.8\lib&quot;;E:\Python\Python37-32\Scripts\;E:\Python\Python37-32\;C:\Users\seldo\AppData\Local\Microsoft\WindowsApps\%E:\Git\bin;C:\Users\seldo\AppData\Local\Microsoft\WindowsApps;E:\Program Files\JetBrains\IntelliJ IDEA 2019.3\bin;E:\Program Files\Maven\apache-maven-3.6.1\bin;E:\Java\jdk1.8.0_191\bin;E:\Java\jdk1.8.0_191\jre\bin;E:\Program Files\JetBrains\PhpStorm 2019.2.2\bin;E:\Program Files\JetBrains\CLion 2019.2.1\bin;F:\Program Files\JetBrains\WebStorm 2019.2.3\bin;C:\Users\seldo\go\bin;D:\Program Files\JetBrains\GoLand 2019.3\bin;E:\Program Files\JetBrains\PyCharm 2019.3\bin;C:\Users\seldo\AppData\Roaming\Composer\vendor\bin;D:\Programs\Fiddler;D:\Programs\Microsoft VS Code\bin;C:\Users\seldo\AppData\Local\atom\bin;E:\Program Files\JetBrains\IntelliJ IDEA 2020.1\bin;;D:\Program Files\JetBrains\JetBrains Rider 2020.1.1\bin;;C:\Users\seldo\AppData\Roaming\npm;D:\Program Files\apache-ant-1.10.8\bin;D:\Program Files\apache-ant-1.10.8\lib;;."/>
    <property name="maven.conf" value="E:\Program Files\Maven\apache-maven-3.6.1\bin\../conf"/>
    <property name="java.specification.name" value="Java Platform API Specification"/>
    <property name="java.class.version" value="52.0"/>
    <property name="sun.management.compiler" value="HotSpot 64-Bit Tiered Compilers"/>
    <property name="os.version" value="10.0"/>
    <property name="library.jansi.path" value="E:\Program Files\Maven\apache-maven-3.6.1\bin\..\lib\jansi-native"/>
    <property name="user.home" value="C:\Users\seldo"/>
    <property name="user.timezone" value="Asia/Shanghai"/>
    <property name="java.awt.printerjob" value="sun.awt.windows.WPrinterJob"/>
    <property name="java.specification.version" value="1.8"/>
    <property name="file.encoding" value="GBK"/>
    <property name="user.name" value="seldom"/>
    <property name="java.class.path" value="E:\Program Files\Maven\apache-maven-3.6.1\bin\..\boot\plexus-classworlds-2.6.0.jar"/>
    <property name="java.vm.specification.version" value="1.8"/>
    <property name="sun.arch.data.model" value="64"/>
    <property name="java.home" value="E:\Java\jdk1.8.0_191\jre"/>
    <property name="sun.java.command" value="org.codehaus.plexus.classworlds.launcher.Launcher install"/>
    <property name="java.specification.vendor" value="Oracle Corporation"/>
    <property name="user.language" value="zh"/>
    <property name="awt.toolkit" value="sun.awt.windows.WToolkit"/>
    <property name="java.vm.info" value="mixed mode"/>
    <property name="java.version" value="1.8.0_191"/>
    <property name="java.ext.dirs" value="E:\Java\jdk1.8.0_191\jre\lib\ext;C:\WINDOWS\Sun\Java\lib\ext"/>
    <property name="sun.boot.class.path" value="E:\Java\jdk1.8.0_191\jre\lib\resources.jar;E:\Java\jdk1.8.0_191\jre\lib\rt.jar;E:\Java\jdk1.8.0_191\jre\lib\sunrsasign.jar;E:\Java\jdk1.8.0_191\jre\lib\jsse.jar;E:\Java\jdk1.8.0_191\jre\lib\jce.jar;E:\Java\jdk1.8.0_191\jre\lib\charsets.jar;E:\Java\jdk1.8.0_191\jre\lib\jfr.jar;E:\Java\jdk1.8.0_191\jre\classes"/>
    <property name="sun.stderr.encoding" value="ms936"/>
    <property name="java.vendor" value="Oracle Corporation"/>
    <property name="maven.home" value="E:\Program Files\Maven\apache-maven-3.6.1\bin\.."/>
    <property name="file.separator" value="\"/>
    <property name="java.vendor.url.bug" value="http://bugreport.sun.com/bugreport/"/>
    <property name="sun.cpu.endian" value="little"/>
    <property name="sun.io.unicode.encoding" value="UnicodeLittle"/>
    <property name="sun.stdout.encoding" value="ms936"/>
    <property name="sun.desktop" value="windows"/>
    <property name="sun.cpu.isalist" value="amd64"/>
  </properties>
  <testcase classname="com.alibaba.dubbo.monitor.simple.SimpleMonitorServiceTest" name="testMonitor" time="0.199"/>
</testsuite>